Notepad++ v8.9.7 vulnerability fixes, regression fix & bug-fixes:

 1. Vulnerability: Fix Stack Buffer Overflow in expandNppEnvironmentStrs.
 2. Vulnerability: Enhance loading session.xml security by normalizing the file paths.
 3. Vulnerability: Fix updater (WinGUp) path traversal (Zip Slip) issue.
 4. Vulnerability: Fix shortcuts.xml macro HMAC bypass issue.
 5. Vulnerability: Improve robustness of Powershell command in installer.
 6. Fix "Find in Files" unresponsive issue.
 7. Fix regression where opening relative paths as file & in Explorer didn't work.
 8. Fix disappearing or duplicated file items in Folder as Workspace.
 9. Fix freeze caused by directory symbolic links in Folder as Workspace root.
10. Update to Scintilla 5.6.4 & Lexilla 5.5.1.
11. Fix undo in cloned document not scrolling to undone change in original document.
12. Fix crash issue caused by LexBaan.
13. Make XML CDATA color different from the enclosed elements.
14. Update pugixml to v1.16.
15. Remember Folder as Workspace expand/collapse state across sessions.
16. Add "Count" option to improve Incremental Search performance.
17. Add "nth of count" information to Incremental Search.
18. Improve "Count" performance in Incremental Search.
19. Add full ANSI EscapeSequence lexing.
20. Fix plugin toolbar icon not scaling correctly on high DPI displays.
21. Fix incorrectly disabled Paste command.
22. Add "Print FormFeed as Page Break" option.
23. Make message boxes dark via task dialogs.
24. Enhance color picker to remember custom colors across sessions.
25. Ensure searchResult stays last after styles XML merge.
26. Update PHP keywords / auto-completion.
27. Update CSS keywords / auto-completion.
28. Fix truncted INS/OVR indicator on Status bar.


Get more info on
https://notepad-plus-plus.org/downloads/v8.9.7/


Included plugins:

 1.  NppExport v0.4
 2.  Converter v4.7
 3.  Mime Tool v3.1


Updater (Installer only):

* WinGUp (for Notepad++) v5.4.2
