c:\users\dylan\documents\notepad non\unicode realeas\vc141.pdb
c:\users\dylan\documents\notepad non\unicode realeas\plugindefinition.obj
c:\users\dylan\documents\notepad non\unicode realeas\nppplugindemo.obj
c:\users\dylan\documents\notepad non\unicode realeas\staticdialog.obj
c:\users\dylan\documents\notepad non\unicode realeas\gotolinedlg.obj
c:\cs2013\notepad non\unicode realeas\vc141.pdb
c:\cs2013\notepad non\unicode realeas\plugindefinition.obj
c:\cs2013\notepad non\unicode realeas\staticdialog.obj
c:\cs2013\notepad non\unicode realeas\gotolinedlg.obj
c:\users\dylan\documents\notepad non\bin\nppplugindemo.dll
c:\users\dylan\documents\notepad non\bin\nppplugindemo.pdb
c:\users\dylan\documents\notepad non\bin\nppplugindemo.lib
c:\users\dylan\documents\notepad non\bin\nppplugindemo.exp
c:\users\dylan\documents\notepad non\unicode realeas\goline.res
c:\cs2013\notepad non\unicode realeas\goline.res
c:\cs2013\notepad non\.\bin\nppplugindemo.dll
c:\cs2013\notepad non\unicode realeas\nppplugindemo.tlog\cl.command.1.tlog
c:\cs2013\notepad non\unicode realeas\nppplugindemo.tlog\cl.read.1.tlog
c:\cs2013\notepad non\unicode realeas\nppplugindemo.tlog\cl.write.1.tlog
c:\cs2013\notepad non\unicode realeas\nppplugindemo.tlog\link.command.1.tlog
c:\cs2013\notepad non\unicode realeas\nppplugindemo.tlog\link.read.1.tlog
c:\cs2013\notepad non\unicode realeas\nppplugindemo.tlog\link.write.1.tlog
c:\cs2013\notepad non\unicode realeas\nppplugindemo.tlog\nppplugindemo.write.1u.tlog
c:\cs2013\notepad non\unicode realeas\nppplugindemo.tlog\rc.command.1.tlog
c:\cs2013\notepad non\unicode realeas\nppplugindemo.tlog\rc.read.1.tlog
c:\cs2013\notepad non\unicode realeas\nppplugindemo.tlog\rc.write.1.tlog
